\BOOKMARK [1][-]{section.1}{Determination of the local diffusion coefficients}{}% 1
\BOOKMARK [2][-]{subsection.1.1}{Legendre expansion}{section.1}% 2
\BOOKMARK [2][-]{subsection.1.2}{Anisotropic case}{section.1}% 3
\BOOKMARK [2][-]{subsection.1.3}{Isotropic case}{section.1}% 4
\BOOKMARK [1][-]{section.2}{Local orbital parameter changes}{}% 5
\BOOKMARK [1][-]{section.3}{Orbit of a test star in a globular cluster}{}% 6
\BOOKMARK [2][-]{subsection.3.1}{Study of an orbit}{section.3}% 7
\BOOKMARK [3][-]{subsubsection.3.1.1}{Isochrone model}{subsection.3.1}% 8
\BOOKMARK [3][-]{subsubsection.3.1.2}{Plummer model}{subsection.3.1}% 9
\BOOKMARK [2][-]{subsection.3.2}{Circular orbit}{section.3}% 10
\BOOKMARK [3][-]{subsubsection.3.2.1}{Isochrone model}{subsection.3.2}% 11
\BOOKMARK [3][-]{subsubsection.3.2.2}{Plummer model}{subsection.3.2}% 12
\BOOKMARK [1][-]{section.4}{Diffusion equation and change of variables}{}% 13
\BOOKMARK [1][-]{section.5}{Plummer model}{}% 14
\BOOKMARK [1][-]{section.6}{Isochrone model}{}% 15
\BOOKMARK [1][-]{section*.3}{Appendices}{}% 16
\BOOKMARK [1][-]{appendix.1.A}{Local diffusion coefficients}{}% 17
\BOOKMARK [1][-]{appendix.1.B}{From anisotropy to isotropy}{}% 18
\BOOKMARK [1][-]{appendix.1.C}{Test star velocity components}{}% 19
\BOOKMARK [1][-]{appendix.1.D}{Velocity-derivatives of the DF F\(E,L\)}{}% 20
\BOOKMARK [1][-]{appendix.1.E}{Partial derivatives of Fq}{}% 21
\BOOKMARK [1][-]{appendix.1.F}{Generating function Jr\(E,L\)}{}% 22
\BOOKMARK [1][-]{appendix.1.G}{Plummer model's orbit-averaging}{}% 23
